<?xml version="1.0" encoding="UTF-8"?>
<testsuite xmlns:xsi="http://www.w3.org/2001/XMLSchema-instance" xsi:noNamespaceSchemaLocation="https://maven.apache.org/surefire/maven-surefire-plugin/xsd/surefire-test-report.xsd" version="3.0.2" name="com.heirloom.schema.SchemaRegistryIntegrationTest$GetType" time="20.909" tests="1" errors="0" skipped="0" failures="0">
  <properties>
[...]
</properties>
  <testcase name="returns404" classname="com.heirloom.schema.SchemaRegistryIntegrationTest$GetType" time="1.684">
    <system-out><![CDATA[10:57:40.319 [main] INFO tc.postgres:16-alpine -- Creating container for image: postgres:16-alpine
10:57:40.419 [main] INFO tc.postgres:16-alpine -- Container postgres:16-alpine is starting: b1d8aef1bdce69e787c8ba2099f829d9f3891bedc79d6d569c2455b1319d3e89
10:57:47.346 [main] INFO tc.postgres:16-alpine -- Container postgres:16-alpine started in PT7.027196S
10:57:47.346 [main] INFO tc.postgres:16-alpine -- Container is started (JDBC URL: jdbc:postgresql://localhost:54608/test?loggerLevel=OFF)
10:57:47.476 [main] INFO org.springframework.boot.devtools.restart.RestartApplicationListener -- Restart disabled due to context in which it is running

  .   ____          _            __ _ _
 /\\ / ___'_ __ _ _(_)_ __  __ _ \ \ \ \
( ( )\___ | '_ | '_| | '_ \/ _` | \ \ \ \
 \\/  ___)| |_)| | | | | || (_| |  ) ) ) )
  '  |____| .__|_| |_|_| |_\__, | / / / /
 =========|_|==============|___/=/_/_/_/

 :: Spring Boot ::                (v3.5.4)

2026-06-22T10:57:49.236+08:00  INFO 1849 --- [heirloom] [           main] c.h.s.SchemaRegistryIntegrationTest      : Starting SchemaRegistryIntegrationTest using Java 21.0.2 with PID 1849 (started by nicholasl in /Users/nicholasl/Documents/build-whatever/heirloom/heirloom-server)
2026-06-22T10:57:49.237+08:00 DEBUG 1849 --- [heirloom] [           main] c.h.s.SchemaRegistryIntegrationTest      : Running with Spring Boot v3.5.4, Spring v6.2.9
2026-06-22T10:57:49.238+08:00  INFO 1849 --- [heirloom] [           main] c.h.s.SchemaRegistryIntegrationTest      : The following 1 profile is active: "test"
2026-06-22T10:57:53.215+08:00  INFO 1849 --- [heirloom] [           main] .s.d.r.c.RepositoryConfigurationDelegate : Bootstrapping Spring Data JPA repositories in DEFAULT mode.
2026-06-22T10:57:53.623+08:00  INFO 1849 --- [heirloom] [           main] .s.d.r.c.RepositoryConfigurationDelegate : Finished Spring Data repository scanning in 389 ms. Found 10 JPA repository interfaces.
2026-06-22T10:57:55.984+08:00  INFO 1849 --- [heirloom] [           main] o.s.b.w.embedded.tomcat.TomcatWebServer  : Tomcat initialized with port 0 (http)
2026-06-22T10:57:56.023+08:00  INFO 1849 --- [heirloom] [           main] o.apache.catalina.core.StandardService   : Starting service [Tomcat]
2026-06-22T10:57:56.036+08:00  INFO 1849 --- [heirloom] [           main] o.apache.catalina.core.StandardEngine    : Starting Servlet engine: [Apache Tomcat/10.1.43]
2026-06-22T10:57:56.227+08:00  INFO 1849 --- [heirloom] [           main] o.a.c.c.C.[Tomcat].[localhost].[/]       : Initializing Spring embedded WebApplicationContext
2026-06-22T10:57:56.230+08:00  INFO 1849 --- [heirloom] [           main] w.s.c.ServletWebServerApplicationContext : Root WebApplicationContext: initialization completed in 6769 ms
2026-06-22T10:57:57.024+08:00  INFO 1849 --- [heirloom] [           main] o.hibernate.jpa.internal.util.LogHelper  : HHH000204: Processing PersistenceUnitInfo [name: default]
2026-06-22T10:57:57.215+08:00  INFO 1849 --- [heirloom] [           main] org.hibernate.Version                    : HHH000412: Hibernate ORM core version 6.6.22.Final
2026-06-22T10:57:57.353+08:00  INFO 1849 --- [heirloom] [           main] o.h.c.internal.RegionFactoryInitiator    : HHH000026: Second-level cache disabled
2026-06-22T10:57:57.853+08:00  INFO 1849 --- [heirloom] [           main] com.zaxxer.hikari.HikariDataSource       : HikariPool-2 - Starting...
2026-06-22T10:57:57.978+08:00  INFO 1849 --- [heirloom] [           main] com.zaxxer.hikari.pool.HikariPool        : HikariPool-2 - Added connection org.postgresql.jdbc.PgConnection@3b764e66
2026-06-22T10:57:57.978+08:00  INFO 1849 --- [heirloom] [           main] com.zaxxer.hikari.HikariDataSource       : HikariPool-2 - Start completed.
2026-06-22T10:57:58.094+08:00  WARN 1849 --- [heirloom] [           main] org.hibernate.orm.deprecation            : HHH90000025: PostgreSQLDialect does not need to be specified explicitly using 'hibernate.dialect' (remove the property setting and it will be selected by default)
2026-06-22T10:57:58.133+08:00  INFO 1849 --- [heirloom] [           main] org.hibernate.orm.connections.pooling    : HHH10001005: Database info:
	Database JDBC URL [Connecting through datasource 'HikariDataSource (HikariPool-2)']
	Database driver: undefined/unknown
	Database version: 16.14
	Autocommit mode: undefined/unknown
	Isolation level: undefined/unknown
	Minimum pool size: undefined/unknown
	Maximum pool size: undefined/unknown
2026-06-22T10:57:58.920+08:00  INFO 1849 --- [heirloom] [           main] o.s.o.j.p.SpringPersistenceUnitInfo      : No LoadTimeWeaver setup: ignoring JPA class transformer
2026-06-22T10:58:02.288+08:00  INFO 1849 --- [heirloom] [           main] o.h.e.t.j.p.i.JtaPlatformInitiator       : HHH000489: No JTA platform available (set 'hibernate.transaction.jta.platform' to enable JTA platform integration)
2026-06-22T10:58:02.547+08:00  INFO 1849 --- [heirloom] [           main] j.LocalContainerEntityManagerFactoryBean : Initialized JPA EntityManagerFactory for persistence unit 'default'
2026-06-22T10:58:06.492+08:00  INFO 1849 --- [heirloom] [           main] o.s.b.w.embedded.tomcat.TomcatWebServer  : Tomcat started on port 54624 (http) with context path '/'
2026-06-22T10:58:06.538+08:00  INFO 1849 --- [heirloom] [           main] c.h.s.SchemaRegistryIntegrationTest      : Started SchemaRegistryIntegrationTest in 19.082 seconds (process running for 45.844)
2026-06-22T10:58:07.708+08:00  INFO 1849 --- [heirloom] [o-auto-1-exec-1] o.a.c.c.C.[Tomcat].[localhost].[/]       : Initializing Spring DispatcherServlet 'dispatcherServlet'
2026-06-22T10:58:07.708+08:00  INFO 1849 --- [heirloom] [o-auto-1-exec-1] o.s.web.servlet.DispatcherServlet        : Initializing Servlet 'dispatcherServlet'
2026-06-22T10:58:07.711+08:00  INFO 1849 --- [heirloom] [o-auto-1-exec-1] o.s.web.servlet.DispatcherServlet        : Completed initialization in 3 ms
]]></system-out>
    <system-err><![CDATA[Mockito is currently self-attaching to enable the inline-mock-maker. This will no longer work in future releases of the JDK. Please add Mockito as an agent to your build as described in Mockito's documentation: https://javadoc.io/doc/org.mockito/mockito-core/latest/org.mockito/org/mockito/Mockito.html#0.3
WARNING: A Java agent has been loaded dynamically (/Users/nicholasl/.m2/repository/net/bytebuddy/byte-buddy-agent/1.17.6/byte-buddy-agent-1.17.6.jar)
WARNING: If a serviceability tool is in use, please run with -XX:+EnableDynamicAgentLoading to hide this warning
WARNING: If a serviceability tool is not in use, please run with -Djdk.instrument.traceUsage for more information
WARNING: Dynamic loading of agents will be disallowed by default in a future release
]]></system-err>
  </testcase>
</testsuite>